<?xml version="1.0" encoding="UTF-8"?>
<!-- Generated by org.testng.reporters.JUnitReportReporter -->
<testsuite hostname="NAVEENGOUDA" failures="0" tests="2" name="crossbrowser.CrossBrowserTest" time="9.944" errors="0" timestamp="2025-08-20T16:28:28 IST" skipped="0">
  <testcase classname="crossbrowser.CrossBrowserTest" name="openGoogle" time="6.630"/>
  <system-out/>
  <testcase classname="crossbrowser.CrossBrowserTest" name="openGoogle" time="3.314"/>
  <system-out/>
</testsuite> <!-- crossbrowser.CrossBrowserTest -->
