<?xml version="1.0" encoding="UTF-8"?>
<!-- Generated by org.testng.reporters.JUnitReportReporter -->
<testsuite hostname="NAVEENGOUDA" failures="0" tests="2" name="dependencytest.DependencyTestDemo" time="0.015" errors="0" timestamp="2025-08-20T15:06:53 IST" skipped="0">
  <testcase classname="dependencytest.DependencyTestDemo" name="startApp" time="0.013"/>
  <system-out/>
  <testcase classname="dependencytest.DependencyTestDemo" name="login" time="0.002"/>
  <system-out/>
</testsuite> <!-- dependencytest.DependencyTestDemo -->
