<?xml version="1.0" encoding="UTF-8"?>
<!-- Generated by org.testng.reporters.JUnitReportReporter -->
<testsuite hostname="NAVEENGOUDA" failures="0" tests="1" name="assertion.AssertionTest" time="2.541" errors="0" timestamp="2025-08-20T15:43:45 IST" skipped="0">
  <testcase classname="assertion.AssertionTest" name="testTitle" time="2.541"/>
  <system-out/>
</testsuite> <!-- assertion.AssertionTest -->
