<?xml version="1.0" encoding="UTF-8"?>
<!-- Generated by org.testng.reporters.JUnitReportReporter -->
<testsuite hostname="NAVEENGOUDA" failures="0" tests="1" name="testngdemo.FirstTest" time="0.337" errors="0" timestamp="2025-08-19T17:33:00 IST" skipped="0">
  <testcase classname="testngdemo.FirstTest" name="apptest" time="0.337"/>
</testsuite> <!-- testngdemo.FirstTest -->
