<?xml version="1.0" encoding="UTF-8"?>
<!-- Generated by org.testng.reporters.JUnitReportReporter -->
<testsuite hostname="NAVEENGOUDA" failures="0" tests="1" name="testngdemo.FirstTestCase" time="0.290" errors="0" timestamp="2025-08-20T10:10:20 IST" skipped="0">
  <testcase classname="testngdemo.FirstTestCase" name="apptest" time="0.290"/>
</testsuite> <!-- testngdemo.FirstTestCase -->
