<?xml version="1.0" encoding="UTF-8"?>
<!-- Generated by org.testng.reporters.JUnitReportReporter -->
<testsuite hostname="NAVEENGOUDA" failures="0" tests="1" name="extentreport.ExtentTask" time="20.262" errors="0" timestamp="2025-08-21T09:57:44 IST" skipped="0">
  <testcase classname="extentreport.ExtentTask" name="demoReport" time="20.262"/>
  <system-out/>
</testsuite> <!-- extentreport.ExtentTask -->
