<?xml version="1.0" encoding="UTF-8"?>
<!-- Generated by org.testng.reporters.JUnitReportReporter -->
<testsuite hostname="NAVEENGOUDA" failures="0" tests="6" name="multithread.MultiThreadTask" time="0.128" errors="0" timestamp="2025-08-20T15:16:39 IST" skipped="0">
  <testcase classname="multithread.MultiThreadTask" name="testMultiThread" time="0.004"/>
  <system-out/>
  <testcase classname="multithread.MultiThreadTask" name="testMultiThread" time="0.039"/>
  <system-out/>
  <testcase classname="multithread.MultiThreadTask" name="testMultiThread" time="0.039"/>
  <system-out/>
  <testcase classname="multithread.MultiThreadTask" name="testMultiThread" time="0.003"/>
  <system-out/>
  <testcase classname="multithread.MultiThreadTask" name="testMultiThread" time="0.004"/>
  <system-out/>
  <testcase classname="multithread.MultiThreadTask" name="testMultiThread" time="0.039"/>
  <system-out/>
</testsuite> <!-- multithread.MultiThreadTask -->
