<?xml version="1.0" encoding="UTF-8"?>
<!-- Generated by org.testng.reporters.JUnitReportReporter -->
<testsuite hostname="NAVEENGOUDA" failures="0" tests="2" name="testsuites.HomeTest" time="0.003" errors="0" timestamp="2025-08-20T16:46:32 IST" skipped="0">
  <testcase classname="testsuites.HomeTest" name="verifyTitle" time="0.001"/>
  <system-out/>
  <testcase classname="testsuites.HomeTest" name="verifyProfile" time="0.002"/>
  <system-out/>
</testsuite> <!-- testsuites.HomeTest -->
