<?xml version="1.0" encoding="UTF-8"?>
<!-- Generated by org.testng.reporters.JUnitReportReporter -->
<testsuite hostname="NAVEENGOUDA" failures="0" tests="2" name="testsuites.LoginTest" time="0.022" errors="0" timestamp="2025-08-20T16:46:32 IST" skipped="0">
  <testcase classname="testsuites.LoginTest" name="loginwithvalid" time="0.002"/>
  <system-out/>
  <testcase classname="testsuites.LoginTest" name="loginwithinvalid" time="0.020"/>
  <system-out/>
</testsuite> <!-- testsuites.LoginTest -->
