<?xml version="1.0" encoding="UTF-8"?>
<!-- Generated by org.testng.reporters.JUnitReportReporter -->
<testsuite hostname="NAVEENGOUDA" failures="0" tests="2" name="parlleltest.ParallelTest" time="60.230" errors="0" timestamp="2025-08-20T12:07:26 IST" skipped="0">
  <testcase classname="parlleltest.ParallelTest" name="testChrome" time="47.318"/>
  <system-out/>
  <testcase classname="parlleltest.ParallelTest" name="testfirefox" time="12.912"/>
  <system-out/>
</testsuite> <!-- parlleltest.ParallelTest -->
