<?xml version="1.0" encoding="UTF-8"?>
<!-- Generated by org.testng.reporters.JUnitReportReporter -->
<testsuite hostname="NAVEENGOUDA" failures="0" tests="1" name="parametertest.ParameterTest" time="7.140" errors="0" timestamp="2025-08-20T14:55:21 IST" skipped="0">
  <testcase classname="parametertest.ParameterTest" name="openSite" time="7.140"/>
  <system-out/>
</testsuite> <!-- parametertest.ParameterTest -->
