<?xml version="1.0" encoding="UTF-8"?>
<!-- Generated by org.testng.reporters.JUnitReportReporter -->
<testsuite hostname="NAVEENGOUDA" failures="0" tests="2" name="dataproviders.DataDrivenTest" time="0.019" errors="0" timestamp="2025-08-20T17:04:44 IST" skipped="0">
  <testcase classname="dataproviders.DataDrivenTest" name="testLogin" time="0.002"/>
  <system-out/>
  <testcase classname="dataproviders.DataDrivenTest" name="testLogin" time="0.017"/>
  <system-out/>
</testsuite> <!-- dataproviders.DataDrivenTest -->
